[debug] [2020-11-24T21:40:05.883Z] ----------------------------------------------------------------------
[debug] [2020-11-24T21:40:05.886Z] Command:       /usr/local/bin/node /usr/local/bin/firebase deploy
[debug] [2020-11-24T21:40:05.886Z] CLI Version:   8.16.2
[debug] [2020-11-24T21:40:05.886Z] Platform:      darwin
[debug] [2020-11-24T21:40:05.886Z] Node Version:  v12.18.1
[debug] [2020-11-24T21:40:05.888Z] Time:          Tue Nov 24 2020 13:40:05 GMT-0800 (Pacific Standard Time)
[debug] [2020-11-24T21:40:05.889Z] ----------------------------------------------------------------------
[debug] [2020-11-24T21:40:05.889Z] 
[debug] [2020-11-24T21:40:05.900Z] > command requires scopes: ["email","openid","https://www.googleapis.com/auth/cloudplatformprojects.readonly","https://www.googleapis.com/auth/firebase","https://www.googleapis.com/auth/cloud-platform"]
[debug] [2020-11-24T21:40:05.900Z] > authorizing via signed-in user
[debug] [2020-11-24T21:40:05.901Z] [iam] checking project superchat-4a6cd for permissions ["cloudfunctions.functions.create","cloudfunctions.functions.delete","cloudfunctions.functions.get","cloudfunctions.functions.list","cloudfunctions.functions.update","cloudfunctions.operations.get","firebase.projects.get"]
[debug] [2020-11-24T21:40:05.905Z] >>> HTTP REQUEST POST https://cloudresourcemanager.googleapis.com/v1/projects/superchat-4a6cd:testIamPermissions  
 {"permissions":["cloudfunctions.functions.create","cloudfunctions.functions.delete","cloudfunctions.functions.get","cloudfunctions.functions.list","cloudfunctions.functions.update","cloudfunctions.operations.get","firebase.projects.get"]}
[debug] [2020-11-24T21:40:06.037Z] <<< HTTP RESPONSE 200 {"content-type":"application/json; charset=UTF-8","vary":"X-Origin, Referer, Origin,Accept-Encoding","date":"Tue, 24 Nov 2020 21:40:06 GMT","server":"ESF","cache-control":"private","x-xss-protection":"0","x-frame-options":"SAMEORIGIN","x-content-type-options":"nosniff","server-timing":"gfet4t7; dur=34","alt-svc":"h3-29=\":443\"; ma=2592000,h3-T051=\":443\"; ma=2592000,h3-Q050=\":443\"; ma=2592000,h3-Q046=\":443\"; ma=2592000,h3-Q043=\":443\"; ma=2592000,quic=\":443\"; ma=2592000; v=\"46,43\"","accept-ranges":"none","transfer-encoding":"chunked"}
[debug] [2020-11-24T21:40:06.038Z] >>> HTTP REQUEST POST https://iam.googleapis.com/v1/projects/superchat-4a6cd/serviceAccounts/superchat-4a6cd@appspot.gserviceaccount.com:testIamPermissions  
 {"permissions":["iam.serviceAccounts.actAs"]}
[debug] [2020-11-24T21:40:06.878Z] <<< HTTP RESPONSE 200 {"content-type":"application/json; charset=UTF-8","vary":"X-Origin, Referer, Origin,Accept-Encoding","date":"Tue, 24 Nov 2020 21:40:06 GMT","server":"ESF","cache-control":"private","x-xss-protection":"0","x-frame-options":"SAMEORIGIN","x-content-type-options":"nosniff","alt-svc":"h3-29=\":443\"; ma=2592000,h3-T051=\":443\"; ma=2592000,h3-Q050=\":443\"; ma=2592000,h3-Q046=\":443\"; ma=2592000,h3-Q043=\":443\"; ma=2592000,quic=\":443\"; ma=2592000; v=\"46,43\"","accept-ranges":"none","transfer-encoding":"chunked"}
[info] 
[info] === Deploying to 'superchat-4a6cd'...
[info] 
[info] i  deploying functions 
[info] Running command: npm --prefix "$RESOURCE_DIR" run lint
[info] ✔  functions: Finished running predeploy script. 
[debug] [2020-11-24T21:40:12.997Z] > [functions] package.json contents: {
  "name": "functions",
  "description": "Cloud Functions for Firebase",
  "scripts": {
    "lint": "eslint .",
    "serve": "firebase emulators:start --only functions",
    "shell": "firebase functions:shell",
    "start": "npm run shell",
    "deploy": "firebase deploy --only functions",
    "logs": "firebase functions:log"
  },
  "engines": {
    "node": "12"
  },
  "main": "index.js",
  "dependencies": {
    "bad-words": "^3.0.4",
    "firebase-admin": "^9.2.0",
    "firebase-functions": "^3.11.0"
  },
  "devDependencies": {
    "eslint": "^5.12.0",
    "eslint-plugin-promise": "^4.0.1",
    "firebase-functions-test": "^0.2.0"
  },
  "private": true
}
[info] i  functions: ensuring required API cloudfunctions.googleapis.com is enabled... 
[info] i  functions: ensuring required API cloudbuild.googleapis.com is enabled... 
[debug] [2020-11-24T21:40:14.572Z] >>> HTTP REQUEST GET https://serviceusage.googleapis.com/v1/projects/superchat-4a6cd/services/cloudfunctions.googleapis.com  
 
[debug] [2020-11-24T21:40:14.573Z] >>> HTTP REQUEST GET https://serviceusage.googleapis.com/v1/projects/superchat-4a6cd/services/runtimeconfig.googleapis.com  
 
[debug] [2020-11-24T21:40:14.573Z] >>> HTTP REQUEST GET https://serviceusage.googleapis.com/v1/projects/superchat-4a6cd/services/cloudbuild.googleapis.com  
 
[debug] [2020-11-24T21:40:15.276Z] <<< HTTP RESPONSE 200 {"content-type":"application/json; charset=UTF-8","vary":"X-Origin, Referer, Origin,Accept-Encoding","date":"Tue, 24 Nov 2020 21:40:15 GMT","server":"ESF","cache-control":"private","x-xss-protection":"0","x-frame-options":"SAMEORIGIN","x-content-type-options":"nosniff","alt-svc":"h3-29=\":443\"; ma=2592000,h3-T051=\":443\"; ma=2592000,h3-Q050=\":443\"; ma=2592000,h3-Q046=\":443\"; ma=2592000,h3-Q043=\":443\"; ma=2592000,quic=\":443\"; ma=2592000; v=\"46,43\"","accept-ranges":"none","transfer-encoding":"chunked"}
[debug] [2020-11-24T21:40:16.181Z] <<< HTTP RESPONSE 200 {"content-type":"application/json; charset=UTF-8","vary":"X-Origin, Referer, Origin,Accept-Encoding","date":"Tue, 24 Nov 2020 21:40:15 GMT","server":"ESF","cache-control":"private","x-xss-protection":"0","x-frame-options":"SAMEORIGIN","x-content-type-options":"nosniff","alt-svc":"h3-29=\":443\"; ma=2592000,h3-T051=\":443\"; ma=2592000,h3-Q050=\":443\"; ma=2592000,h3-Q046=\":443\"; ma=2592000,h3-Q043=\":443\"; ma=2592000,quic=\":443\"; ma=2592000; v=\"46,43\"","accept-ranges":"none","transfer-encoding":"chunked"}
[info] ✔  functions: required API cloudfunctions.googleapis.com is enabled 
[debug] [2020-11-24T21:40:16.402Z] <<< HTTP RESPONSE 200 {"content-type":"application/json; charset=UTF-8","vary":"X-Origin, Referer, Origin,Accept-Encoding","date":"Tue, 24 Nov 2020 21:40:15 GMT","server":"ESF","cache-control":"private","x-xss-protection":"0","x-frame-options":"SAMEORIGIN","x-content-type-options":"nosniff","alt-svc":"h3-29=\":443\"; ma=2592000,h3-T051=\":443\"; ma=2592000,h3-Q050=\":443\"; ma=2592000,h3-Q046=\":443\"; ma=2592000,h3-Q043=\":443\"; ma=2592000,quic=\":443\"; ma=2592000; v=\"46,43\"","accept-ranges":"none","transfer-encoding":"chunked"}
[info] ✔  functions: required API cloudbuild.googleapis.com is enabled 
[debug] [2020-11-24T21:40:16.403Z] >>> HTTP REQUEST GET https://firebase.googleapis.com/v1beta1/projects/superchat-4a6cd/adminSdkConfig  
 
[debug] [2020-11-24T21:40:16.613Z] <<< HTTP RESPONSE 200 {"content-type":"application/json; charset=UTF-8","vary":"X-Origin, Referer, Origin,Accept-Encoding","date":"Tue, 24 Nov 2020 21:40:16 GMT","server":"ESF","cache-control":"private","x-xss-protection":"0","x-frame-options":"SAMEORIGIN","x-content-type-options":"nosniff","alt-svc":"h3-29=\":443\"; ma=2592000,h3-T051=\":443\"; ma=2592000,h3-Q050=\":443\"; ma=2592000,h3-Q046=\":443\"; ma=2592000,h3-Q043=\":443\"; ma=2592000,quic=\":443\"; ma=2592000; v=\"46,43\"","accept-ranges":"none","transfer-encoding":"chunked"}
[info] i  functions: preparing functions directory for uploading... 
[debug] [2020-11-24T21:40:16.617Z] >>> HTTP REQUEST GET https://runtimeconfig.googleapis.com/v1beta1/projects/superchat-4a6cd/configs  
 
[debug] [2020-11-24T21:40:16.882Z] <<< HTTP RESPONSE 200 {"content-type":"application/json; charset=UTF-8","vary":"X-Origin, Referer, Origin,Accept-Encoding","date":"Tue, 24 Nov 2020 21:40:16 GMT","server":"ESF","cache-control":"private","x-xss-protection":"0","x-frame-options":"SAMEORIGIN","x-content-type-options":"nosniff","alt-svc":"h3-29=\":443\"; ma=2592000,h3-T051=\":443\"; ma=2592000,h3-Q050=\":443\"; ma=2592000,h3-Q046=\":443\"; ma=2592000,h3-Q043=\":443\"; ma=2592000,quic=\":443\"; ma=2592000; v=\"46,43\"","accept-ranges":"none","transfer-encoding":"chunked"}
[info] i  functions: packaged functions (37.16 KB) for uploading 
[debug] [2020-11-24T21:40:17.621Z] >>> HTTP REQUEST GET https://cloudfunctions.googleapis.com/v1/projects/superchat-4a6cd/locations/-/functions  
 
[debug] [2020-11-24T21:40:18.055Z] <<< HTTP RESPONSE 200 {"content-type":"application/json; charset=UTF-8","vary":"X-Origin, Referer, Origin,Accept-Encoding","date":"Tue, 24 Nov 2020 21:40:18 GMT","server":"ESF","cache-control":"private","x-xss-protection":"0","x-frame-options":"SAMEORIGIN","x-content-type-options":"nosniff","alt-svc":"h3-29=\":443\"; ma=2592000,h3-T051=\":443\"; ma=2592000,h3-Q050=\":443\"; ma=2592000,h3-Q046=\":443\"; ma=2592000,h3-Q043=\":443\"; ma=2592000,quic=\":443\"; ma=2592000; v=\"46,43\"","accept-ranges":"none","transfer-encoding":"chunked"}
[debug] [2020-11-24T21:40:18.058Z] >>> HTTP REQUEST POST https://cloudfunctions.googleapis.com/v1/projects/superchat-4a6cd/locations/us-central1/functions:generateUploadUrl  
 
[debug] [2020-11-24T21:40:18.777Z] <<< HTTP RESPONSE 200 {"content-type":"application/json; charset=UTF-8","vary":"X-Origin, Referer, Origin,Accept-Encoding","date":"Tue, 24 Nov 2020 21:40:18 GMT","server":"ESF","cache-control":"private","x-xss-protection":"0","x-frame-options":"SAMEORIGIN","x-content-type-options":"nosniff","alt-svc":"h3-29=\":443\"; ma=2592000,h3-T051=\":443\"; ma=2592000,h3-Q050=\":443\"; ma=2592000,h3-Q046=\":443\"; ma=2592000,h3-Q043=\":443\"; ma=2592000,quic=\":443\"; ma=2592000; v=\"46,43\"","accept-ranges":"none","transfer-encoding":"chunked"}
[debug] [2020-11-24T21:40:18.778Z] >>> HTTP REQUEST PUT https://storage.googleapis.com/gcf-upload-us-central1-13386418-25a4-40a5-ba44-9ea7c35e92dc/2bb2d67b-b14d-4b3b-8041-a37310f13975.zip?GoogleAccessId=service-373829690780@gcf-admin-robot.iam.gserviceaccount.com&Expires=1606255818&Signature=N2SS7WiixzZlH%2BV7DgwdQh0Ju4KAQgMakBYEOV%2B0GHEXYhSS1HTsmanBcNXUNgoakjm9h41qHo1191QRvESj6vCiq1l%2F0GtCvKx7uXQPNkajIdkNy6f5iDRVDvR8Iwsrw4VFncRhfCleLKiyxErwNT%2Fwio647lBAIMgrQnHF3vblUoyWT3jTn5Lku3YDYXYWTt0ZXQMOwoRwyIZO4KgYHGO3t5qLVPbBs%2BSG1SPj%2F8oupLwO9FL%2BFJiks7f4QX0AjUKxKuRE8qtxh8USrfyqTp3Oo9hl63FXXtblATEx21dO7PxApdzLMp8Y%2BsyFTk5%2FGu5XfW8sp%2FRfWdmnic%2Bv4A%3D%3D  
 <request body omitted>
[debug] [2020-11-24T21:40:19.165Z] <<< HTTP RESPONSE 200 {"x-guploader-uploadid":"ABg5-UxQEv5bkLttrQBQOBVfiZo6lA1ZKZpUW0Km59PzPNJT1Be9Iv40-tIptfCEA_uvvpmNFkwOJBR2QpizZsairg","etag":"\"45e4b135507ab1b5a0845df43475ab11\"","x-goog-generation":"1606254019128014","x-goog-metageneration":"1","x-goog-hash":"crc32c=RUQ0oA==, md5=ReSxNVB6sbWghF30NHWrEQ==","x-goog-stored-content-length":"38048","x-goog-stored-content-encoding":"identity","vary":"Origin","content-length":"0","date":"Tue, 24 Nov 2020 21:40:19 GMT","server":"UploadServer","content-type":"text/html; charset=UTF-8","alt-svc":"h3-29=\":443\"; ma=2592000,h3-T051=\":443\"; ma=2592000,h3-Q050=\":443\"; ma=2592000,h3-Q046=\":443\"; ma=2592000,h3-Q043=\":443\"; ma=2592000,quic=\":443\"; ma=2592000; v=\"46,43\""}
[info] ✔  functions: functions folder uploaded successfully 
[info] i  functions: updating Node.js 12 function detectEvilUsers(us-central1)... 
[debug] [2020-11-24T21:40:19.170Z] Trigger is:  {"eventTrigger":{"resource":"projects/superchat-4a6cd/databases/(default)/documents/messages/{msgId}","eventType":"providers/cloud.firestore/eventTypes/document.create","service":"firestore.googleapis.com"}}
[debug] [2020-11-24T21:40:19.172Z] >>> HTTP REQUEST PATCH https://cloudfunctions.googleapis.com/v1/projects/superchat-4a6cd/locations/us-central1/functions/detectEvilUsers {"updateMask":"sourceUploadUrl,name,labels,runtime,environmentVariables,eventTrigger.resource,eventTrigger.eventType,eventTrigger.service,eventTrigger.failurePolicy"} 
 {"sourceUploadUrl":"https://storage.googleapis.com/gcf-upload-us-central1-13386418-25a4-40a5-ba44-9ea7c35e92dc/2bb2d67b-b14d-4b3b-8041-a37310f13975.zip?GoogleAccessId=service-373829690780@gcf-admin-robot.iam.gserviceaccount.com&Expires=1606255818&Signature=N2SS7WiixzZlH%2BV7DgwdQh0Ju4KAQgMakBYEOV%2B0GHEXYhSS1HTsmanBcNXUNgoakjm9h41qHo1191QRvESj6vCiq1l%2F0GtCvKx7uXQPNkajIdkNy6f5iDRVDvR8Iwsrw4VFncRhfCleLKiyxErwNT%2Fwio647lBAIMgrQnHF3vblUoyWT3jTn5Lku3YDYXYWTt0ZXQMOwoRwyIZO4KgYHGO3t5qLVPbBs%2BSG1SPj%2F8oupLwO9FL%2BFJiks7f4QX0AjUKxKuRE8qtxh8USrfyqTp3Oo9hl63FXXtblATEx21dO7PxApdzLMp8Y%2BsyFTk5%2FGu5XfW8sp%2FRfWdmnic%2Bv4A%3D%3D","name":"projects/superchat-4a6cd/locations/us-central1/functions/detectEvilUsers","labels":{"deployment-tool":"cli-firebase"},"eventTrigger":{"resource":"projects/superchat-4a6cd/databases/(default)/documents/messages/{msgId}","eventType":"providers/cloud.firestore/eventTypes/document.create","service":"firestore.googleapis.com"},"runtime":"nodejs12","environmentVariables":{"FIREBASE_CONFIG":"{\"projectId\":\"superchat-4a6cd\",\"databaseURL\":\"https://superchat-4a6cd.firebaseio.com\",\"storageBucket\":\"superchat-4a6cd.appspot.com\",\"locationId\":\"us-central\"}"}}
[debug] [2020-11-24T21:40:22.702Z] <<< HTTP RESPONSE 200 {"content-type":"application/json; charset=UTF-8","vary":"X-Origin, Referer, Origin,Accept-Encoding","date":"Tue, 24 Nov 2020 21:40:19 GMT","server":"ESF","cache-control":"private","x-xss-protection":"0","x-frame-options":"SAMEORIGIN","x-content-type-options":"nosniff","alt-svc":"h3-29=\":443\"; ma=2592000,h3-T051=\":443\"; ma=2592000,h3-Q050=\":443\"; ma=2592000,h3-Q046=\":443\"; ma=2592000,h3-Q043=\":443\"; ma=2592000,quic=\":443\"; ma=2592000; v=\"46,43\"","accept-ranges":"none","transfer-encoding":"chunked"}
[debug] [2020-11-24T21:40:22.704Z] >>> HTTP REQUEST GET https://cloudfunctions.googleapis.com/v1/operations/c3VwZXJjaGF0LTRhNmNkL3VzLWNlbnRyYWwxL2RldGVjdEV2aWxVc2Vycy92SWJhaGhQQVQ3SQ  
 
[debug] [2020-11-24T21:40:23.479Z] <<< HTTP RESPONSE 200 {"content-type":"application/json; charset=UTF-8","vary":"X-Origin, Referer, Origin,Accept-Encoding","date":"Tue, 24 Nov 2020 21:40:23 GMT","server":"ESF","cache-control":"private","x-xss-protection":"0","x-frame-options":"SAMEORIGIN","x-content-type-options":"nosniff","alt-svc":"h3-29=\":443\"; ma=2592000,h3-T051=\":443\"; ma=2592000,h3-Q050=\":443\"; ma=2592000,h3-Q046=\":443\"; ma=2592000,h3-Q043=\":443\"; ma=2592000,quic=\":443\"; ma=2592000; v=\"46,43\"","accept-ranges":"none","transfer-encoding":"chunked"}
[debug] [2020-11-24T21:40:25.481Z] >>> HTTP REQUEST GET https://cloudfunctions.googleapis.com/v1/operations/c3VwZXJjaGF0LTRhNmNkL3VzLWNlbnRyYWwxL2RldGVjdEV2aWxVc2Vycy92SWJhaGhQQVQ3SQ  
 
[debug] [2020-11-24T21:40:25.761Z] <<< HTTP RESPONSE 200 {"content-type":"application/json; charset=UTF-8","vary":"X-Origin, Referer, Origin,Accept-Encoding","date":"Tue, 24 Nov 2020 21:40:25 GMT","server":"ESF","cache-control":"private","x-xss-protection":"0","x-frame-options":"SAMEORIGIN","x-content-type-options":"nosniff","alt-svc":"h3-29=\":443\"; ma=2592000,h3-T051=\":443\"; ma=2592000,h3-Q050=\":443\"; ma=2592000,h3-Q046=\":443\"; ma=2592000,h3-Q043=\":443\"; ma=2592000,quic=\":443\"; ma=2592000; v=\"46,43\"","accept-ranges":"none","transfer-encoding":"chunked"}
[debug] [2020-11-24T21:40:27.762Z] >>> HTTP REQUEST GET https://cloudfunctions.googleapis.com/v1/operations/c3VwZXJjaGF0LTRhNmNkL3VzLWNlbnRyYWwxL2RldGVjdEV2aWxVc2Vycy92SWJhaGhQQVQ3SQ  
 
[debug] [2020-11-24T21:40:29.153Z] <<< HTTP RESPONSE 200 {"content-type":"application/json; charset=UTF-8","vary":"X-Origin, Referer, Origin,Accept-Encoding","date":"Tue, 24 Nov 2020 21:40:29 GMT","server":"ESF","cache-control":"private","x-xss-protection":"0","x-frame-options":"SAMEORIGIN","x-content-type-options":"nosniff","alt-svc":"h3-29=\":443\"; ma=2592000,h3-T051=\":443\"; ma=2592000,h3-Q050=\":443\"; ma=2592000,h3-Q046=\":443\"; ma=2592000,h3-Q043=\":443\"; ma=2592000,quic=\":443\"; ma=2592000; v=\"46,43\"","accept-ranges":"none","transfer-encoding":"chunked"}
[debug] [2020-11-24T21:40:31.155Z] >>> HTTP REQUEST GET https://cloudfunctions.googleapis.com/v1/operations/c3VwZXJjaGF0LTRhNmNkL3VzLWNlbnRyYWwxL2RldGVjdEV2aWxVc2Vycy92SWJhaGhQQVQ3SQ  
 
[debug] [2020-11-24T21:40:31.527Z] <<< HTTP RESPONSE 200 {"content-type":"application/json; charset=UTF-8","vary":"X-Origin, Referer, Origin,Accept-Encoding","date":"Tue, 24 Nov 2020 21:40:31 GMT","server":"ESF","cache-control":"private","x-xss-protection":"0","x-frame-options":"SAMEORIGIN","x-content-type-options":"nosniff","alt-svc":"h3-29=\":443\"; ma=2592000,h3-T051=\":443\"; ma=2592000,h3-Q050=\":443\"; ma=2592000,h3-Q046=\":443\"; ma=2592000,h3-Q043=\":443\"; ma=2592000,quic=\":443\"; ma=2592000; v=\"46,43\"","accept-ranges":"none","transfer-encoding":"chunked"}
[debug] [2020-11-24T21:40:33.528Z] >>> HTTP REQUEST GET https://cloudfunctions.googleapis.com/v1/operations/c3VwZXJjaGF0LTRhNmNkL3VzLWNlbnRyYWwxL2RldGVjdEV2aWxVc2Vycy92SWJhaGhQQVQ3SQ  
 
[debug] [2020-11-24T21:40:33.828Z] <<< HTTP RESPONSE 200 {"content-type":"application/json; charset=UTF-8","vary":"X-Origin, Referer, Origin,Accept-Encoding","date":"Tue, 24 Nov 2020 21:40:33 GMT","server":"ESF","cache-control":"private","x-xss-protection":"0","x-frame-options":"SAMEORIGIN","x-content-type-options":"nosniff","alt-svc":"h3-29=\":443\"; ma=2592000,h3-T051=\":443\"; ma=2592000,h3-Q050=\":443\"; ma=2592000,h3-Q046=\":443\"; ma=2592000,h3-Q043=\":443\"; ma=2592000,quic=\":443\"; ma=2592000; v=\"46,43\"","accept-ranges":"none","transfer-encoding":"chunked"}
[debug] [2020-11-24T21:40:35.830Z] >>> HTTP REQUEST GET https://cloudfunctions.googleapis.com/v1/operations/c3VwZXJjaGF0LTRhNmNkL3VzLWNlbnRyYWwxL2RldGVjdEV2aWxVc2Vycy92SWJhaGhQQVQ3SQ  
 
[debug] [2020-11-24T21:40:36.213Z] <<< HTTP RESPONSE 200 {"content-type":"application/json; charset=UTF-8","vary":"X-Origin, Referer, Origin,Accept-Encoding","date":"Tue, 24 Nov 2020 21:40:36 GMT","server":"ESF","cache-control":"private","x-xss-protection":"0","x-frame-options":"SAMEORIGIN","x-content-type-options":"nosniff","alt-svc":"h3-29=\":443\"; ma=2592000,h3-T051=\":443\"; ma=2592000,h3-Q050=\":443\"; ma=2592000,h3-Q046=\":443\"; ma=2592000,h3-Q043=\":443\"; ma=2592000,quic=\":443\"; ma=2592000; v=\"46,43\"","accept-ranges":"none","transfer-encoding":"chunked"}
[debug] [2020-11-24T21:40:38.214Z] >>> HTTP REQUEST GET https://cloudfunctions.googleapis.com/v1/operations/c3VwZXJjaGF0LTRhNmNkL3VzLWNlbnRyYWwxL2RldGVjdEV2aWxVc2Vycy92SWJhaGhQQVQ3SQ  
 
[debug] [2020-11-24T21:40:38.631Z] <<< HTTP RESPONSE 200 {"content-type":"application/json; charset=UTF-8","vary":"X-Origin, Referer, Origin,Accept-Encoding","date":"Tue, 24 Nov 2020 21:40:38 GMT","server":"ESF","cache-control":"private","x-xss-protection":"0","x-frame-options":"SAMEORIGIN","x-content-type-options":"nosniff","alt-svc":"h3-29=\":443\"; ma=2592000,h3-T051=\":443\"; ma=2592000,h3-Q050=\":443\"; ma=2592000,h3-Q046=\":443\"; ma=2592000,h3-Q043=\":443\"; ma=2592000,quic=\":443\"; ma=2592000; v=\"46,43\"","accept-ranges":"none","transfer-encoding":"chunked"}
[debug] [2020-11-24T21:40:40.632Z] >>> HTTP REQUEST GET https://cloudfunctions.googleapis.com/v1/operations/c3VwZXJjaGF0LTRhNmNkL3VzLWNlbnRyYWwxL2RldGVjdEV2aWxVc2Vycy92SWJhaGhQQVQ3SQ  
 
[debug] [2020-11-24T21:40:40.982Z] <<< HTTP RESPONSE 200 {"content-type":"application/json; charset=UTF-8","vary":"X-Origin, Referer, Origin,Accept-Encoding","date":"Tue, 24 Nov 2020 21:40:40 GMT","server":"ESF","cache-control":"private","x-xss-protection":"0","x-frame-options":"SAMEORIGIN","x-content-type-options":"nosniff","alt-svc":"h3-29=\":443\"; ma=2592000,h3-T051=\":443\"; ma=2592000,h3-Q050=\":443\"; ma=2592000,h3-Q046=\":443\"; ma=2592000,h3-Q043=\":443\"; ma=2592000,quic=\":443\"; ma=2592000; v=\"46,43\"","accept-ranges":"none","transfer-encoding":"chunked"}
[debug] [2020-11-24T21:40:42.984Z] >>> HTTP REQUEST GET https://cloudfunctions.googleapis.com/v1/operations/c3VwZXJjaGF0LTRhNmNkL3VzLWNlbnRyYWwxL2RldGVjdEV2aWxVc2Vycy92SWJhaGhQQVQ3SQ  
 
[debug] [2020-11-24T21:40:43.848Z] <<< HTTP RESPONSE 200 {"content-type":"application/json; charset=UTF-8","vary":"X-Origin, Referer, Origin,Accept-Encoding","date":"Tue, 24 Nov 2020 21:40:43 GMT","server":"ESF","cache-control":"private","x-xss-protection":"0","x-frame-options":"SAMEORIGIN","x-content-type-options":"nosniff","alt-svc":"h3-29=\":443\"; ma=2592000,h3-T051=\":443\"; ma=2592000,h3-Q050=\":443\"; ma=2592000,h3-Q046=\":443\"; ma=2592000,h3-Q043=\":443\"; ma=2592000,quic=\":443\"; ma=2592000; v=\"46,43\"","accept-ranges":"none","transfer-encoding":"chunked"}
[debug] [2020-11-24T21:40:45.853Z] >>> HTTP REQUEST GET https://cloudfunctions.googleapis.com/v1/operations/c3VwZXJjaGF0LTRhNmNkL3VzLWNlbnRyYWwxL2RldGVjdEV2aWxVc2Vycy92SWJhaGhQQVQ3SQ  
 
[debug] [2020-11-24T21:40:46.314Z] <<< HTTP RESPONSE 200 {"content-type":"application/json; charset=UTF-8","vary":"X-Origin, Referer, Origin,Accept-Encoding","date":"Tue, 24 Nov 2020 21:40:46 GMT","server":"ESF","cache-control":"private","x-xss-protection":"0","x-frame-options":"SAMEORIGIN","x-content-type-options":"nosniff","alt-svc":"h3-29=\":443\"; ma=2592000,h3-T051=\":443\"; ma=2592000,h3-Q050=\":443\"; ma=2592000,h3-Q046=\":443\"; ma=2592000,h3-Q043=\":443\"; ma=2592000,quic=\":443\"; ma=2592000; v=\"46,43\"","accept-ranges":"none","transfer-encoding":"chunked"}
[debug] [2020-11-24T21:40:48.315Z] >>> HTTP REQUEST GET https://cloudfunctions.googleapis.com/v1/operations/c3VwZXJjaGF0LTRhNmNkL3VzLWNlbnRyYWwxL2RldGVjdEV2aWxVc2Vycy92SWJhaGhQQVQ3SQ  
 
[debug] [2020-11-24T21:40:48.750Z] <<< HTTP RESPONSE 200 {"content-type":"application/json; charset=UTF-8","vary":"X-Origin, Referer, Origin,Accept-Encoding","date":"Tue, 24 Nov 2020 21:40:48 GMT","server":"ESF","cache-control":"private","x-xss-protection":"0","x-frame-options":"SAMEORIGIN","x-content-type-options":"nosniff","alt-svc":"h3-29=\":443\"; ma=2592000,h3-T051=\":443\"; ma=2592000,h3-Q050=\":443\"; ma=2592000,h3-Q046=\":443\"; ma=2592000,h3-Q043=\":443\"; ma=2592000,quic=\":443\"; ma=2592000; v=\"46,43\"","accept-ranges":"none","transfer-encoding":"chunked"}
[debug] [2020-11-24T21:40:50.755Z] >>> HTTP REQUEST GET https://cloudfunctions.googleapis.com/v1/operations/c3VwZXJjaGF0LTRhNmNkL3VzLWNlbnRyYWwxL2RldGVjdEV2aWxVc2Vycy92SWJhaGhQQVQ3SQ  
 
[debug] [2020-11-24T21:40:51.895Z] <<< HTTP RESPONSE 200 {"content-type":"application/json; charset=UTF-8","vary":"X-Origin, Referer, Origin,Accept-Encoding","date":"Tue, 24 Nov 2020 21:40:51 GMT","server":"ESF","cache-control":"private","x-xss-protection":"0","x-frame-options":"SAMEORIGIN","x-content-type-options":"nosniff","alt-svc":"h3-29=\":443\"; ma=2592000,h3-T051=\":443\"; ma=2592000,h3-Q050=\":443\"; ma=2592000,h3-Q046=\":443\"; ma=2592000,h3-Q043=\":443\"; ma=2592000,quic=\":443\"; ma=2592000; v=\"46,43\"","accept-ranges":"none","transfer-encoding":"chunked"}
[debug] [2020-11-24T21:40:53.901Z] >>> HTTP REQUEST GET https://cloudfunctions.googleapis.com/v1/operations/c3VwZXJjaGF0LTRhNmNkL3VzLWNlbnRyYWwxL2RldGVjdEV2aWxVc2Vycy92SWJhaGhQQVQ3SQ  
 
[debug] [2020-11-24T21:40:56.131Z] <<< HTTP RESPONSE 200 {"content-type":"application/json; charset=UTF-8","vary":"X-Origin, Referer, Origin,Accept-Encoding","date":"Tue, 24 Nov 2020 21:40:56 GMT","server":"ESF","cache-control":"private","x-xss-protection":"0","x-frame-options":"SAMEORIGIN","x-content-type-options":"nosniff","alt-svc":"h3-29=\":443\"; ma=2592000,h3-T051=\":443\"; ma=2592000,h3-Q050=\":443\"; ma=2592000,h3-Q046=\":443\"; ma=2592000,h3-Q043=\":443\"; ma=2592000,quic=\":443\"; ma=2592000; v=\"46,43\"","accept-ranges":"none","transfer-encoding":"chunked"}
[debug] [2020-11-24T21:40:58.138Z] >>> HTTP REQUEST GET https://cloudfunctions.googleapis.com/v1/operations/c3VwZXJjaGF0LTRhNmNkL3VzLWNlbnRyYWwxL2RldGVjdEV2aWxVc2Vycy92SWJhaGhQQVQ3SQ  
 
[debug] [2020-11-24T21:40:58.330Z] <<< HTTP RESPONSE 200 {"content-type":"application/json; charset=UTF-8","vary":"X-Origin, Referer, Origin,Accept-Encoding","date":"Tue, 24 Nov 2020 21:40:58 GMT","server":"ESF","cache-control":"private","x-xss-protection":"0","x-frame-options":"SAMEORIGIN","x-content-type-options":"nosniff","alt-svc":"h3-29=\":443\"; ma=2592000,h3-T051=\":443\"; ma=2592000,h3-Q050=\":443\"; ma=2592000,h3-Q046=\":443\"; ma=2592000,h3-Q043=\":443\"; ma=2592000,quic=\":443\"; ma=2592000; v=\"46,43\"","accept-ranges":"none","transfer-encoding":"chunked"}
[debug] [2020-11-24T21:41:00.333Z] >>> HTTP REQUEST GET https://cloudfunctions.googleapis.com/v1/operations/c3VwZXJjaGF0LTRhNmNkL3VzLWNlbnRyYWwxL2RldGVjdEV2aWxVc2Vycy92SWJhaGhQQVQ3SQ  
 
[debug] [2020-11-24T21:41:00.529Z] <<< HTTP RESPONSE 200 {"content-type":"application/json; charset=UTF-8","vary":"X-Origin, Referer, Origin,Accept-Encoding","date":"Tue, 24 Nov 2020 21:41:00 GMT","server":"ESF","cache-control":"private","x-xss-protection":"0","x-frame-options":"SAMEORIGIN","x-content-type-options":"nosniff","alt-svc":"h3-29=\":443\"; ma=2592000,h3-T051=\":443\"; ma=2592000,h3-Q050=\":443\"; ma=2592000,h3-Q046=\":443\"; ma=2592000,h3-Q043=\":443\"; ma=2592000,quic=\":443\"; ma=2592000; v=\"46,43\"","accept-ranges":"none","transfer-encoding":"chunked"}
[debug] [2020-11-24T21:41:02.534Z] >>> HTTP REQUEST GET https://cloudfunctions.googleapis.com/v1/operations/c3VwZXJjaGF0LTRhNmNkL3VzLWNlbnRyYWwxL2RldGVjdEV2aWxVc2Vycy92SWJhaGhQQVQ3SQ  
 
[debug] [2020-11-24T21:41:02.717Z] <<< HTTP RESPONSE 200 {"content-type":"application/json; charset=UTF-8","vary":"X-Origin, Referer, Origin,Accept-Encoding","date":"Tue, 24 Nov 2020 21:41:02 GMT","server":"ESF","cache-control":"private","x-xss-protection":"0","x-frame-options":"SAMEORIGIN","x-content-type-options":"nosniff","alt-svc":"h3-29=\":443\"; ma=2592000,h3-T051=\":443\"; ma=2592000,h3-Q050=\":443\"; ma=2592000,h3-Q046=\":443\"; ma=2592000,h3-Q043=\":443\"; ma=2592000,quic=\":443\"; ma=2592000; v=\"46,43\"","accept-ranges":"none","transfer-encoding":"chunked"}
[debug] [2020-11-24T21:41:04.721Z] >>> HTTP REQUEST GET https://cloudfunctions.googleapis.com/v1/operations/c3VwZXJjaGF0LTRhNmNkL3VzLWNlbnRyYWwxL2RldGVjdEV2aWxVc2Vycy92SWJhaGhQQVQ3SQ  
 
[debug] [2020-11-24T21:41:04.910Z] <<< HTTP RESPONSE 200 {"content-type":"application/json; charset=UTF-8","vary":"X-Origin, Referer, Origin,Accept-Encoding","date":"Tue, 24 Nov 2020 21:41:04 GMT","server":"ESF","cache-control":"private","x-xss-protection":"0","x-frame-options":"SAMEORIGIN","x-content-type-options":"nosniff","alt-svc":"h3-29=\":443\"; ma=2592000,h3-T051=\":443\"; ma=2592000,h3-Q050=\":443\"; ma=2592000,h3-Q046=\":443\"; ma=2592000,h3-Q043=\":443\"; ma=2592000,quic=\":443\"; ma=2592000; v=\"46,43\"","accept-ranges":"none","transfer-encoding":"chunked"}
